<?xml version="1.0" encoding="UTF-8"?>
<!-- Generated by org.testng.reporters.JUnitReportReporter -->
<testsuite skipped="0" hostname="DESKTOP-4J4JR0Q" name="com.tigerit.TestProjectByTreena.Test.LoginTest" tests="2" failures="0" timestamp="2020-03-05T16:37:29 BDT" time="13.269" errors="0">
  <testcase name="checkLoginPageTitle" time="7.975" classname="com.tigerit.TestProjectByTreena.Test.LoginTest"/>
  <testcase name="logintest" time="5.294" classname="com.tigerit.TestProjectByTreena.Test.LoginTest"/>
</testsuite> <!-- com.tigerit.TestProjectByTreena.Test.LoginTest -->
