<?xml version="1.0" encoding="UTF-8"?>
<!-- Generated by org.testng.reporters.JUnitReportReporter -->
<testsuite skipped="0" hostname="DESKTOP-4J4JR0Q" name="com.tigerit.TestProjectByTreena.Test.LoginTest" tests="2" failures="0" timestamp="2020-03-05T11:11:27 BDT" time="14.605" errors="0">
  <testcase name="loginTest" time="5.301" classname="com.tigerit.TestProjectByTreena.Test.LoginTest"/>
  <testcase name="checkLoginPageTitle" time="9.304" classname="com.tigerit.TestProjectByTreena.Test.LoginTest"/>
</testsuite> <!-- com.tigerit.TestProjectByTreena.Test.LoginTest -->
