<?xml version="1.0" encoding="UTF-8"?>
<!-- Generated by org.testng.reporters.JUnitReportReporter -->
<testsuite skipped="0" hostname="DESKTOP-4J4JR0Q" name="com.tigerit.TestProjectByTreena.Utils.DriverManager" tests="1" failures="0" timestamp="2020-03-03T12:34:37 BDT" time="0.010" errors="0">
  <testcase name="DriverExecutionTest" time="0.010" classname="com.tigerit.TestProjectByTreena.Utils.DriverManager"/>
</testsuite> <!-- com.tigerit.TestProjectByTreena.Utils.DriverManager -->
